feb. 28, 2021 11:21:37 P. M. Sprint4.auxiliar.Log generarInfoLog
INFO: S'ha afegit la entitat Pymeralia, de la localitat de La Rapita amb email pymer@gmail.com.

feb. 28, 2021 11:21:37 P. M. Sprint4.auxiliar.Log generarInfoLog
INFO: S'ha afegit la entitat Pymeralia, de la localitat de La Rapita amb email pymer@gmail.com.

feb. 28, 2021 11:21:37 P. M. Sprint4.auxiliar.Log generarInfoLog
INFO: S'ha afegit la entitat Pymeralia, de la localitat de La Rapita amb email pymer@gmail.com.

feb. 28, 2021 11:21:37 P. M. Sprint4.auxiliar.Log generarInfoLog
INFO: S'ha afegit la entitat Pymeralia, de la localitat de La Rapita amb email pymer@gmail.com.

feb. 28, 2021 11:21:37 P. M. Sprint4.auxiliar.Log generarInfoLog
INFO: S'ha afegit la entitat Pymeralia, de la localitat de La Rapita amb email pymer@gmail.com.

feb. 28, 2021 11:39:23 P. M. Sprint4.provasprint4.auxiliar.Log generarInfoLog
INFO: S'ha afegit la entitat Pymeralia, de la localitat de La Rapita amb email pymer@gmail.com.

feb. 28, 2021 11:39:23 P. M. Sprint4.provasprint4.auxiliar.Log generarInfoLog
INFO: S'ha afegit la entitat Pymeralia, de la localitat de La Rapita amb email pymer@gmail.com.

feb. 28, 2021 11:39:23 P. M. Sprint4.provasprint4.auxiliar.Log generarInfoLog
INFO: S'ha afegit la entitat Pymeralia, de la localitat de La Rapita amb email pymer@gmail.com.

feb. 28, 2021 11:39:23 P. M. Sprint4.provasprint4.auxiliar.Log generarInfoLog
INFO: S'ha afegit la entitat Pymeralia, de la localitat de La Rapita amb email pymer@gmail.com.

feb. 28, 2021 11:39:23 P. M. Sprint4.provasprint4.auxiliar.Log generarInfoLog
INFO: S'ha afegit la entitat Pymeralia, de la localitat de La Rapita amb email pymer@gmail.com.

feb. 28, 2021 11:39:41 P. M. Sprint4.provasprint4.auxiliar.Log generarInfoLog
INFO: S'ha creat la proposta 'Peru'.

feb. 28, 2021 11:39:58 P. M. Sprint4.provasprint4.auxiliar.Log generarInfoLog
INFO: S'ha creat el projecte 'gos'.

feb. 28, 2021 11:40:21 P. M. Sprint4.provasprint4.auxiliar.Log generarInfoLog
INFO: S'ha creat el gos Id: 1 Títol: xiris Descripciofkqaeofoqf'.

mar. 22, 2021 10:36:12 P. M. Sprint4.provasprint4.auxiliar.Log generarInfoLog
INFO: S'ha afegit la entitat Pymeralia, de la localitat de La Rapita amb email pymer@gmail.com.

mar. 22, 2021 10:36:12 P. M. Sprint4.provasprint4.auxiliar.Log generarInfoLog
INFO: S'ha afegit la entitat Pymeralia, de la localitat de La Rapita amb email pymer@gmail.com.

mar. 22, 2021 10:36:12 P. M. Sprint4.provasprint4.auxiliar.Log generarInfoLog
INFO: S'ha afegit la entitat Pymeralia, de la localitat de La Rapita amb email pymer@gmail.com.

mar. 22, 2021 10:36:12 P. M. Sprint4.provasprint4.auxiliar.Log generarInfoLog
INFO: S'ha afegit la entitat Pymeralia, de la localitat de La Rapita amb email pymer@gmail.com.

mar. 22, 2021 10:36:12 P. M. Sprint4.provasprint4.auxiliar.Log generarInfoLog
INFO: S'ha afegit la entitat Pymeralia, de la localitat de La Rapita amb email pymer@gmail.com.

mar. 22, 2021 10:48:39 P. M. Sprint4.provasprint4.auxiliar.Log generarInfoLog
INFO: S'ha afegit la entitat Pymeralia, de la localitat de La Rapita amb email pymer@gmail.com.

mar. 22, 2021 10:48:39 P. M. Sprint4.provasprint4.auxiliar.Log generarInfoLog
INFO: S'ha afegit la entitat Pymeralia, de la localitat de La Rapita amb email pymer@gmail.com.

mar. 22, 2021 10:48:39 P. M. Sprint4.provasprint4.auxiliar.Log generarInfoLog
INFO: S'ha afegit la entitat Pymeralia, de la localitat de La Rapita amb email pymer@gmail.com.

mar. 22, 2021 10:48:39 P. M. Sprint4.provasprint4.auxiliar.Log generarInfoLog
INFO: S'ha afegit la entitat Pymeralia, de la localitat de La Rapita amb email pymer@gmail.com.

mar. 22, 2021 10:48:39 P. M. Sprint4.provasprint4.auxiliar.Log generarInfoLog
INFO: S'ha afegit la entitat Pymeralia, de la localitat de La Rapita amb email pymer@gmail.com.

mar. 22, 2021 10:49:18 P. M. Sprint4.provasprint4.auxiliar.Log generarInfoLog
INFO: S'ha afegit la entitat Pymeralia, de la localitat de La Rapita amb email pymer@gmail.com.

mar. 22, 2021 10:49:18 P. M. Sprint4.provasprint4.auxiliar.Log generarInfoLog
INFO: S'ha afegit la entitat Pymeralia, de la localitat de La Rapita amb email pymer@gmail.com.

mar. 22, 2021 10:49:18 P. M. Sprint4.provasprint4.auxiliar.Log generarInfoLog
INFO: S'ha afegit la entitat Pymeralia, de la localitat de La Rapita amb email pymer@gmail.com.

mar. 22, 2021 10:49:18 P. M. Sprint4.provasprint4.auxiliar.Log generarInfoLog
INFO: S'ha afegit la entitat Pymeralia, de la localitat de La Rapita amb email pymer@gmail.com.

mar. 22, 2021 10:49:18 P. M. Sprint4.provasprint4.auxiliar.Log generarInfoLog
INFO: S'ha afegit la entitat Pymeralia, de la localitat de La Rapita amb email pymer@gmail.com.

mar. 22, 2021 10:49:40 P. M. Sprint4.provasprint4.auxiliar.Log generarInfoLog
INFO: S'ha creat la proposta 'qefqe'.

mar. 22, 2021 10:49:59 P. M. Sprint4.provasprint4.auxiliar.Log generarInfoLog
INFO: S'ha afegit la entitat Pymeralia, de la localitat de La Rapita amb email pymer@gmail.com.

mar. 22, 2021 10:49:59 P. M. Sprint4.provasprint4.auxiliar.Log generarInfoLog
INFO: S'ha afegit la entitat Pymeralia, de la localitat de La Rapita amb email pymer@gmail.com.

mar. 22, 2021 10:49:59 P. M. Sprint4.provasprint4.auxiliar.Log generarInfoLog
INFO: S'ha afegit la entitat Pymeralia, de la localitat de La Rapita amb email pymer@gmail.com.

mar. 22, 2021 10:49:59 P. M. Sprint4.provasprint4.auxiliar.Log generarInfoLog
INFO: S'ha afegit la entitat Pymeralia, de la localitat de La Rapita amb email pymer@gmail.com.

mar. 22, 2021 10:49:59 P. M. Sprint4.provasprint4.auxiliar.Log generarInfoLog
INFO: S'ha afegit la entitat Pymeralia, de la localitat de La Rapita amb email pymer@gmail.com.

mar. 22, 2021 10:52:22 P. M. Sprint4.provasprint4.auxiliar.Log generarInfoLog
INFO: S'ha afegit la entitat Peru, de la localitat de Amposta amb email pymer@gmail.com.

mar. 22, 2021 10:52:22 P. M. Sprint4.provasprint4.auxiliar.Log generarInfoLog
INFO: S'ha afegit la entitat Gos, de la localitat de Tortosa amb email pymer@gmail.com.

mar. 22, 2021 10:55:07 P. M. Sprint4.provasprint4.auxiliar.Log generarInfoLog
INFO: S'ha creat la proposta 'wrfghnuj`VTER`GBHNR`GÉUSDHNBGWERO+TUJHGBNQJGHOWRRGH248W0T2UT'IFQ3`+DLPQD+S`ÑQZQZ+``´Q'.

mar. 22, 2021 10:56:08 P. M. Sprint4.provasprint4.auxiliar.Log generarInfoLog
INFO: S'ha afegit la entitat Pymeralia, de la localitat de La Rapita amb email pymer@gmail.com.

mar. 22, 2021 10:56:08 P. M. Sprint4.provasprint4.auxiliar.Log generarInfoLog
INFO: S'ha afegit la entitat Pymeralia, de la localitat de La Rapita amb email pymer@gmail.com.

mar. 22, 2021 10:56:08 P. M. Sprint4.provasprint4.auxiliar.Log generarInfoLog
INFO: S'ha afegit la entitat Pymeralia, de la localitat de La Rapita amb email pymer@gmail.com.

mar. 22, 2021 10:56:08 P. M. Sprint4.provasprint4.auxiliar.Log generarInfoLog
INFO: S'ha afegit la entitat Pymeralia, de la localitat de La Rapita amb email pymer@gmail.com.

mar. 22, 2021 10:56:08 P. M. Sprint4.provasprint4.auxiliar.Log generarInfoLog
INFO: S'ha afegit la entitat Pymeralia, de la localitat de La Rapita amb email pymer@gmail.com.

mar. 22, 2021 10:57:11 P. M. Sprint4.provasprint4.auxiliar.Log generarInfoLog
INFO: S'ha creat la proposta '-ddfafvadvrf```````a`w`qed`d`q`d +`q¨-+ç´-´çç´l`f.q+7496/87*-'.

mar. 23, 2021 11:07:20 P. M. Sprint4.provasprint4.auxiliar.Log generarInfoLog
INFO: S'ha afegit la entitat Pymeralia, de la localitat de La Rapita amb email pymer@gmail.com.

mar. 23, 2021 11:07:20 P. M. Sprint4.provasprint4.auxiliar.Log generarInfoLog
INFO: S'ha afegit la entitat Pymeralia, de la localitat de La Rapita amb email pymer@gmail.com.

mar. 23, 2021 11:07:20 P. M. Sprint4.provasprint4.auxiliar.Log generarInfoLog
INFO: S'ha afegit la entitat Pymeralia, de la localitat de La Rapita amb email pymer@gmail.com.

mar. 23, 2021 11:07:20 P. M. Sprint4.provasprint4.auxiliar.Log generarInfoLog
INFO: S'ha afegit la entitat Pymeralia, de la localitat de La Rapita amb email pymer@gmail.com.

mar. 23, 2021 11:07:20 P. M. Sprint4.provasprint4.auxiliar.Log generarInfoLog
INFO: S'ha afegit la entitat Pymeralia, de la localitat de La Rapita amb email pymer@gmail.com.

mar. 23, 2021 11:08:58 P. M. Sprint4.provasprint4.auxiliar.Log generarInfoLog
INFO: IMPORTACIÓ: S'ha descartat l'entitat Pymeralia
mar. 23, 2021 11:08:58 P. M. Sprint4.provasprint4.auxiliar.Log generarInfoLog
INFO: IMPORTACIÓ: S'ha descartat l'entitat Pymeralia
mar. 23, 2021 11:08:58 P. M. Sprint4.provasprint4.auxiliar.Log generarInfoLog
INFO: IMPORTACIÓ: S'ha descartat l'entitat Pymeralia
mar. 23, 2021 11:08:58 P. M. Sprint4.provasprint4.auxiliar.Log generarInfoLog
INFO: IMPORTACIÓ: S'ha descartat l'entitat Pymeralia
mar. 23, 2021 11:08:58 P. M. Sprint4.provasprint4.auxiliar.Log generarInfoLog
INFO: IMPORTACIÓ: S'ha descartat l'entitat Pymeralia
mar. 23, 2021 11:08:58 P. M. Sprint4.provasprint4.auxiliar.Log generarInfoLog
INFO: IMPORTACIÓ: S'ha descartat l'entitat Pymeralia
mar. 23, 2021 11:08:58 P. M. Sprint4.provasprint4.auxiliar.Log generarInfoLog
INFO: IMPORTACIÓ: S'ha descartat l'entitat Pymeralia
mar. 23, 2021 11:08:58 P. M. Sprint4.provasprint4.auxiliar.Log generarInfoLog
INFO: IMPORTACIÓ: S'ha descartat l'entitat Pymeralia
mar. 23, 2021 11:08:58 P. M. Sprint4.provasprint4.auxiliar.Log generarInfoLog
INFO: IMPORTACIÓ: S'ha descartat l'entitat Pymeralia
mar. 23, 2021 11:08:58 P. M. Sprint4.provasprint4.auxiliar.Log generarInfoLog
INFO: IMPORTACIÓ: S'ha descartat l'entitat Pymeralia
mar. 23, 2021 11:08:58 P. M. Sprint4.provasprint4.auxiliar.Log generarInfoLog
INFO: IMPORTACIÓ: S'ha descartat l'entitat Pymeralia
mar. 23, 2021 11:08:58 P. M. Sprint4.provasprint4.auxiliar.Log generarInfoLog
INFO: IMPORTACIÓ: S'ha descartat l'entitat Pymeralia
mar. 23, 2021 11:08:58 P. M. Sprint4.provasprint4.auxiliar.Log generarInfoLog
INFO: IMPORTACIÓ: S'ha descartat l'entitat Pymeralia
mar. 23, 2021 11:08:58 P. M. Sprint4.provasprint4.auxiliar.Log generarInfoLog
INFO: IMPORTACIÓ: S'ha descartat l'entitat Pymeralia
mar. 23, 2021 11:08:58 P. M. Sprint4.provasprint4.auxiliar.Log generarInfoLog
INFO: IMPORTACIÓ: S'ha descartat l'entitat Pymeralia
mar. 23, 2021 11:08:58 P. M. Sprint4.provasprint4.auxiliar.Log generarInfoLog
INFO: S'ha afegit la entitat Eports, de la localitat de Amposta amb email pymer@gmail.com.

mar. 23, 2021 11:08:58 P. M. Sprint4.provasprint4.auxiliar.Log generarInfoLog
INFO: S'ha afegit la entitat Delinternet, de la localitat de Deltebre amb email pymer@gmail.com.

mar. 31, 2021 7:46:56 P. M. Sprint4.provasprint4.auxiliar.Log generarInfoLog
INFO: S'ha afegit la entitat Pymeralia, de la localitat de La Rapita amb email pymer@gmail.com.

mar. 31, 2021 7:46:56 P. M. Sprint4.provasprint4.auxiliar.Log generarInfoLog
INFO: S'ha afegit la entitat Pymeralia, de la localitat de La Rapita amb email pymer@gmail.com.

mar. 31, 2021 7:46:56 P. M. Sprint4.provasprint4.auxiliar.Log generarInfoLog
INFO: S'ha afegit la entitat Pymeralia, de la localitat de La Rapita amb email pymer@gmail.com.

mar. 31, 2021 7:46:56 P. M. Sprint4.provasprint4.auxiliar.Log generarInfoLog
INFO: S'ha afegit la entitat Pymeralia, de la localitat de La Rapita amb email pymer@gmail.com.

mar. 31, 2021 7:46:56 P. M. Sprint4.provasprint4.auxiliar.Log generarInfoLog
INFO: S'ha afegit la entitat Pymeralia, de la localitat de La Rapita amb email pymer@gmail.com.

mar. 31, 2021 8:27:29 P. M. Sprint4.provasprint4.auxiliar.Log generarInfoLog
INFO: S'ha afegit la entitat Pymeralia, de la localitat de La Rapita amb email pymer@gmail.com.

mar. 31, 2021 8:27:29 P. M. Sprint4.provasprint4.auxiliar.Log generarInfoLog
INFO: S'ha afegit la entitat Pymeralia, de la localitat de La Rapita amb email pymer@gmail.com.

mar. 31, 2021 8:27:29 P. M. Sprint4.provasprint4.auxiliar.Log generarInfoLog
INFO: S'ha afegit la entitat Pymeralia, de la localitat de La Rapita amb email pymer@gmail.com.

mar. 31, 2021 8:27:29 P. M. Sprint4.provasprint4.auxiliar.Log generarInfoLog
INFO: S'ha afegit la entitat Pymeralia, de la localitat de La Rapita amb email pymer@gmail.com.

mar. 31, 2021 8:27:29 P. M. Sprint4.provasprint4.auxiliar.Log generarInfoLog
INFO: S'ha afegit la entitat Pymeralia, de la localitat de La Rapita amb email pymer@gmail.com.

mar. 31, 2021 8:29:25 P. M. Sprint4.provasprint4.auxiliar.Log generarInfoLog
INFO: S'ha afegit la entitat Pymeralia, de la localitat de La Rapita amb email pymer@gmail.com.

mar. 31, 2021 8:29:25 P. M. Sprint4.provasprint4.auxiliar.Log generarInfoLog
INFO: S'ha afegit la entitat Pymeralia, de la localitat de La Rapita amb email pymer@gmail.com.

mar. 31, 2021 8:29:25 P. M. Sprint4.provasprint4.auxiliar.Log generarInfoLog
INFO: S'ha afegit la entitat Pymeralia, de la localitat de La Rapita amb email pymer@gmail.com.

mar. 31, 2021 8:29:25 P. M. Sprint4.provasprint4.auxiliar.Log generarInfoLog
INFO: S'ha afegit la entitat Pymeralia, de la localitat de La Rapita amb email pymer@gmail.com.

mar. 31, 2021 8:29:25 P. M. Sprint4.provasprint4.auxiliar.Log generarInfoLog
INFO: S'ha afegit la entitat Pymeralia, de la localitat de La Rapita amb email pymer@gmail.com.

mar. 31, 2021 8:34:13 P. M. Sprint4.provasprint4.auxiliar.Log generarInfoLog
INFO: S'ha afegit la entitat Pymeralia, de la localitat de La Rapita amb email pymer@gmail.com.

mar. 31, 2021 8:34:13 P. M. Sprint4.provasprint4.auxiliar.Log generarInfoLog
INFO: S'ha afegit la entitat Pymeralia, de la localitat de La Rapita amb email pymer@gmail.com.

mar. 31, 2021 8:34:13 P. M. Sprint4.provasprint4.auxiliar.Log generarInfoLog
INFO: S'ha afegit la entitat Pymeralia, de la localitat de La Rapita amb email pymer@gmail.com.

mar. 31, 2021 8:34:13 P. M. Sprint4.provasprint4.auxiliar.Log generarInfoLog
INFO: S'ha afegit la entitat Pymeralia, de la localitat de La Rapita amb email pymer@gmail.com.

mar. 31, 2021 8:34:13 P. M. Sprint4.provasprint4.auxiliar.Log generarInfoLog
INFO: S'ha afegit la entitat Pymeralia, de la localitat de La Rapita amb email pymer@gmail.com.

mar. 31, 2021 8:34:45 P. M. Sprint4.provasprint4.auxiliar.Log generarInfoLog
INFO: S'ha afegit la entitat Pymeralia, de la localitat de La Rapita amb email pymer@gmail.com.

mar. 31, 2021 8:34:45 P. M. Sprint4.provasprint4.auxiliar.Log generarInfoLog
INFO: S'ha afegit la entitat Pymeralia, de la localitat de La Rapita amb email pymer@gmail.com.

mar. 31, 2021 8:34:45 P. M. Sprint4.provasprint4.auxiliar.Log generarInfoLog
INFO: S'ha afegit la entitat Pymeralia, de la localitat de La Rapita amb email pymer@gmail.com.

mar. 31, 2021 8:34:45 P. M. Sprint4.provasprint4.auxiliar.Log generarInfoLog
INFO: S'ha afegit la entitat Pymeralia, de la localitat de La Rapita amb email pymer@gmail.com.

mar. 31, 2021 8:34:45 P. M. Sprint4.provasprint4.auxiliar.Log generarInfoLog
INFO: S'ha afegit la entitat Pymeralia, de la localitat de La Rapita amb email pymer@gmail.com.

mar. 31, 2021 8:44:08 P. M. Sprint4.provasprint4.auxiliar.Log generarInfoLog
INFO: S'ha afegit la entitat Pymeralia, de la localitat de La Rapita amb email pymer@gmail.com.

mar. 31, 2021 8:44:08 P. M. Sprint4.provasprint4.auxiliar.Log generarInfoLog
INFO: S'ha afegit la entitat Pymeralia, de la localitat de La Rapita amb email pymer@gmail.com.

mar. 31, 2021 8:44:08 P. M. Sprint4.provasprint4.auxiliar.Log generarInfoLog
INFO: S'ha afegit la entitat Pymeralia, de la localitat de La Rapita amb email pymer@gmail.com.

mar. 31, 2021 8:44:08 P. M. Sprint4.provasprint4.auxiliar.Log generarInfoLog
INFO: S'ha afegit la entitat Pymeralia, de la localitat de La Rapita amb email pymer@gmail.com.

mar. 31, 2021 8:44:08 P. M. Sprint4.provasprint4.auxiliar.Log generarInfoLog
INFO: S'ha afegit la entitat Pymeralia, de la localitat de La Rapita amb email pymer@gmail.com.

mar. 31, 2021 8:47:05 P. M. Sprint4.provasprint4.auxiliar.Log generarInfoLog
INFO: S'ha afegit la entitat Pymeralia, de la localitat de La Rapita amb email pymer@gmail.com.

mar. 31, 2021 8:47:05 P. M. Sprint4.provasprint4.auxiliar.Log generarInfoLog
INFO: S'ha afegit la entitat Pymeralia, de la localitat de La Rapita amb email pymer@gmail.com.

mar. 31, 2021 8:47:05 P. M. Sprint4.provasprint4.auxiliar.Log generarInfoLog
INFO: S'ha afegit la entitat Pymeralia, de la localitat de La Rapita amb email pymer@gmail.com.

mar. 31, 2021 8:47:05 P. M. Sprint4.provasprint4.auxiliar.Log generarInfoLog
INFO: S'ha afegit la entitat Pymeralia, de la localitat de La Rapita amb email pymer@gmail.com.

mar. 31, 2021 8:47:05 P. M. Sprint4.provasprint4.auxiliar.Log generarInfoLog
INFO: S'ha afegit la entitat Pymeralia, de la localitat de La Rapita amb email pymer@gmail.com.

mar. 31, 2021 8:50:24 P. M. Sprint4.provasprint4.auxiliar.Log generarInfoLog
INFO: S'ha afegit la entitat Pymeralia, de la localitat de La Rapita amb email pymer@gmail.com.

mar. 31, 2021 8:50:24 P. M. Sprint4.provasprint4.auxiliar.Log generarInfoLog
INFO: S'ha afegit la entitat Pymeralia, de la localitat de La Rapita amb email pymer@gmail.com.

mar. 31, 2021 8:50:25 P. M. Sprint4.provasprint4.auxiliar.Log generarInfoLog
INFO: S'ha afegit la entitat Pymeralia, de la localitat de La Rapita amb email pymer@gmail.com.

mar. 31, 2021 8:50:25 P. M. Sprint4.provasprint4.auxiliar.Log generarInfoLog
INFO: S'ha afegit la entitat Pymeralia, de la localitat de La Rapita amb email pymer@gmail.com.

mar. 31, 2021 8:50:25 P. M. Sprint4.provasprint4.auxiliar.Log generarInfoLog
INFO: S'ha afegit la entitat Pymeralia, de la localitat de La Rapita amb email pymer@gmail.com.

abr. 04, 2021 5:50:23 P. M. Sprint4.provasprint4.auxiliar.Log generarInfoLog
INFO: S'ha afegit la entitat Pymeralia, de la localitat de La Rapita amb email pymer@gmail.com.

abr. 04, 2021 5:50:23 P. M. Sprint4.provasprint4.auxiliar.Log generarInfoLog
INFO: S'ha afegit la entitat Pymeralia, de la localitat de La Rapita amb email pymer@gmail.com.

abr. 04, 2021 5:50:23 P. M. Sprint4.provasprint4.auxiliar.Log generarInfoLog
INFO: S'ha afegit la entitat Pymeralia, de la localitat de La Rapita amb email pymer@gmail.com.

abr. 04, 2021 5:50:23 P. M. Sprint4.provasprint4.auxiliar.Log generarInfoLog
INFO: S'ha afegit la entitat Pymeralia, de la localitat de La Rapita amb email pymer@gmail.com.

abr. 04, 2021 5:50:23 P. M. Sprint4.provasprint4.auxiliar.Log generarInfoLog
INFO: S'ha afegit la entitat Pymeralia, de la localitat de La Rapita amb email pymer@gmail.com.

